333238176511983
485689992458747
549508264451078
33431507780279
559802145764979
233626241952600
561293064269704
54611723120308
329927376327474
316432132471650
176408968598599
225404480754421
355943937692688
230512904598418
12363346143090
114741821575203
425585306430426
105794541748033
63204897129359
480220099502638
369559694173945
394919482126261
95343838552578
377064693071571
387553021361688
54165960451051
518843425882193
159107953851712
217221319851440
315392797785894
143344047650409
227727688557414
44649229613259
287908262819671
23893469383317
71604573428899
386022920727495
184607106234930
15285701743385
339990086631368
91375408336743
367255925551385
78174550889769
6019989324296
83045077581486
414912747557253
414065279294813
275373389496166
21661434284885
496416852297839
477494791955461
327602736217782
158160500147986
22359716987517
414576689092834
305803184784229
65692053784284
360173762583092
458128731749150
378315157016904
198233403051772
52327402075788
459496109629835
454257819227706
97472804550722
502964175459770
459100485158840
131796816478263
509758287149052
554302977506672
368399402770221
144833542575552
459257396837051
128897248295935
94684258795493
517185225146550
438915863504618
44729354181035
274623254066270
77767089952860
199443030693887
245599182009338
548898983360812
168833181122479
108599615430535
267323690512525
478748932732586
418044899650582
438723699239049
377021028407774
521243413249980
186372087298993
177696180629499
424607798783136
175043083959588
71542085709966
122881136856443
53642445871607
55983883980568
307482918699313
548034266877241
107443352691469
308944791230750
336435445141577
448205670457427
71542585287717
408033037307226
480102956094501
395424521350835
185379878797077
36557592044669
551870675458765
546868807269922
504793474214081
66889203140506
277358386195352
154658725086261
458710471506147
140063001204899
554589123545113
187764639288738
280805527975913
458767928415331
327562713156083
227404441777348
58510480179466
288486494720799
63237257198643
448172041690679
42280135521746
192789521352439
156869200380410
333308827586207
168770744819228
206756346672463
445490948585152
558298887368719
41757079751796
123233680453554
293051383933234
156790852024775
42146634104362
529361812764217
375031732026888
556482382871481
438952718905184
195800957172995
447685099105065
3167800942342
208897665420647
315160556343878
345884001759232
122757578730601
126844669879576
286578117506275
559076784806808
133183790416412
424801834309423
224969252327364
374350766089642
20798997670184
184315518776518
371292335190090
114582339644698
208127482443002
279570456318369
477243481897708
137615434402227
155587329960576
66058404247566
6009626878305
467744254435927
247816923962984
297502156271657
506808816995009
545665721143573
147717106107093
4012198244055
148435918998957
246749347260119
239376349150393
227276111047012
517935259795945
474439763479168
43520261515585
280856775504394
75286142706624
131996546479158
86881586573971
508673411390645
223713790582714
546169006985788
315891576181866
489122094481310
475976446227767
154259526095214
128476226213058
503015859091746
334986513955732
75578041521823
530192246099700
446871809147527
277602939775284
539417674939313
478261671944180
165763609730570
117972782963073
469561640920263
294638145309687
254396332912069
56492904870038
24563499850507
205865074842223
148409995925774
395905756559261
246720675862029
66613251955864
54321217823722
83363680130035
369263420444315
153585492077154
26955824861402
22181157571828
33780712543998
56160872499578
438758055522387
83723410127998
239700116295950
10986346065127
21616081875381
183162530553635
166301878995476
369306563784273
16879629962184
560571735506509
387532639382396
458507186052187
42069097096577
310058462635834
16082780296802
296509123823706
295331711956231
263735055537003
126398905211847
519658672816043
280192070333888
95167114311387
369059413707853
407224185915014
157210350166793
487514577914260
98252950133724
440363069543446
417429307246762
405604516492090
265092074416263
126664645818342
113579085457754
75905498316434
280130340136360
478494650079721
264501498508817
116663854295906
284135376096844
57339172396252
125908990581492
479066189543047
193992192301764
26935168322503
371050124007331
444128611785680
54655542495528
556257788880115
156109812323271
405143694880279
355947553028693
279181834119431
417842173912253
475447264397728
55724984827730
425808365149730
168849060821640
156207061705977
131293018861777
397742035837384
96457963600273
337263087738255
394915248600831
444461394522373
517303468399826
429667661403856
196126205904706
345645786967901
395094838057755
2454513324534
181653878244795
5371429552757
437239845288438
305253685206642
116070532783845
360208932753546
386395002336574
518479266388798
479470049286739
245213360203745
544805559539410
339066959466973
469022935378584
79584652573505
134384452340553
178327648734890
306022231371999
3032700546010
233699956073485
113845604633989
34093972860838
194782165353201
499416593344766
255174640655237
265739275480141
25292455870054
276724600410563
355997692469246
457676611759223
386047176287638
190039724559619
518280416553328
445079132020583
366751170462266
498555774054597
72048936868320
342497936372764
361252126585596
327840502439476
438315420764905
377653416678653
306791029781783
143098032488114
489451109209073
77885509362987
440638166411650
132088062077987
380565217714357
206441957599982
230445944085264
294544923364596
550955891098415
14814329045909
350660806006538
350789312113174
285443827330665
228446679627565
58280132644935
77497961379779
284718621487764
91583410841066
240711774586230
307371626015792
360341200112712
560878863073836
234408108815672
217929533512520
181962520261892
540232704378619
555280853519688
339599056777540
253331530299096
239485570722378
380450561320510
225753113308679
117381802211798
374882327903152
108651606868446
196944808288008
356898895235334
468918539568103
269570725731051
95733154606750
56777936035388
223730424738654
446335891855758
365975701734335
135691958743519
339761933169496
554172216673937
376099942871301
218193986422737
186286494218132
15542487103388
413998674312200
55662990646422
527419095668533
93282723288280
57611056990687
38801274595908
465669027392228
478172714532509
562462072531947
27173249223386
541338226718552
510833718417249
459293257919227
2578180288392
208664979169711
84166930707618
500435517139878
517735411417109
179409781136024
34898720974673
284923768208670
157983270022598
153131433816426
316322152660920
22355375605940
397246603329883
554967036051278
497281145240675
247656977357763
453922640286096
145221535272945
34772548877377
377385228995380
488414668953237
560545999900166
397718924038897
480127998411675
112984100991634
240894109209186
485722350510848
43371763020897
558269615993025
215754841367985
14732406523558
236009002762192
174342432125225
255463600507178
395182843721300
342602554208911
528507951564388
113957535730919
216559962572878
182415070955063
163985599290058
371001440724072
15272810587403
193319822867177
556343558336378
179109223017207
415127953575123
405304458530244
274714701484250
15049178690632
338480856292885
286625209351685
425366337053578
448545315533944
541900814421204
256913769690019
288429342353686
228318984823114
527126883649505
484801026677458
133951108335060
529472005696509
487761375293315
447035565574216
317155237736864
397547052933411
275596068169327
512302379205978
205693522964636
379891574363121
365896673931096
200216131738280
473502552425839
66958058021682
51269372537828
500921134113309
103962306584888
539336505275948
117286064994115
239759022413835
521095052346700
454776741466267
447066658605720
547255227253350
316501300548757
479086400557057
95326786124590
115072271879595
183466145923095
235393384642509
62406042864843
503105276932101
357566027207386
148521846514124
275750878909114
339370667768190
127048273590265
458527823927160
97444273980082
16182985223411
45309658270905
403839396039789
466098726186136
106643286670766
38176877510118
198314756910366
346517497511178
205928624831403
222864314271686
407508376987872
92519113502818
407317720738958
175305340425784
476620889550377
87305299787417
444545756281778
404518714951703
555409238703627
255256702255660
176681045179075
77481671334174
116544169170029
444122536639737
389103049935920
498748642522853
3873265377540
98050617645202
116322321801355
226367094720147
485075143875541
242573360392439
71795567210757
476601047034728
508048526398655
159198298530093
216436956386224
345416699145181
253472698754537
83400513334807
427310261563924
559842914094152
459287725352528
243613041158610
10991341630189
228807721663261
267146826788972
338032239059017
35124843837602
394075516816769
268803645511645
359678225963348
447579217132384
337227837807736
346738572598688
236973679957932
43507024710250
182054289915448
144962295951723
306576462663442
158787725603721
447459395413273
344057922446779
395633153332042
504718322801880
235325433870928
437195528511478
244135922948465
479388167560850
178697225954098
354741533520645
266092889230046
204778327811708
133257651959153
559858783952067
561750347064356
57253215150981
380137870011881
477972427100420
240572372889603
176519348368910
337265364653435
425502606217221
88576070604575
334105164420725
419958207401485
226900054801398
276961545643777
370262654409489
296429275430113
195072882755515
396911272168989
113545916394642
489754561221551
233920144851839
500231355309754
498284415309088
125185151329730
186407854088461
435099856585532
360822501532038
74035636115208
504940391363034
276398928003630
498355101838391
375087870889487
228666656803973
117849645842035
335785444943772
548302224679651
185276923758010
164883456297448
22085894978041
332890468372985
235730411838964
465257687386031
45463633229820
512144440666001
480435371181081
142485026456679
553648287051728
460796621783993
142368477545699
74076278950557
236396470256590
91860232604208
223643558098429
186390913765094
364894662860662
447459334215839
537531128123739
466218978171566
126669151202583
444807397890455
349062089817739
267434577690225
560827859984118
123785267864708
72460640000387
113447716967257
268936473540085
276821706576117
63833623452162
327942426374098
198165652850622
479015009633885
64895098316007
426409434523539
112785097737550
416983983303055
142741383992303
538988077235072
16786678261214
21164214411945
134856300517455
247465549128864
263204170523635
364953615267699
63548040800203
467923158941396
92690222721000
254607307817705
315864590216006
560194766273868
57740965943123
467500963508666
64837056509709
388201743880703
449442624540704
108013527943658
35164526162999
245368857412234
138434397003144
36568275186461
428992681216520
88481766597912
245305461122876
194265537540846
168923914421957
386962933269608
137066559578368
458270149682274
488069857309447
234384742346167
62174068894886
557903634980987
207715338997417
480598384362874
154285980882286
154109362470773
426356812378993
137103739914800
530043648763879
237548210272004
407973990813914
325660721822690
366188709699096
66357483907787
508053585941702
497609763483254
159345788693352
266504908036111
294179053237191
79762673063029
368453507033728
88044353937870
438409019445213
293640084947314
124562453993162
270733529213570
225383748762657
22656925974863
45753428221904
12308965830816
264478729958918
187327926216617
156237597038581
512313969753142
376857045442655
547345752323760
309009326256121
322372699828345
333725943467458
54397268148001
35195325793204
42277663445555
183516135243541
275376456197836
369039746819263
78769262868325
85327286707391
284283673228431
355111648629777
133597382682728
475835693490394
387127844576620
507901751969565
554351666415617
558003852365488
76910619800607
269850823651503
478945097944206
75697824382299
360460512821572
293259869435075
335549913652882
497894910138558
334729039550240
308985893570621
203875153466187
377373804266245
455827670362139
104590623650983
57717523945642
279227190564306
480037691230924
379352975398179
286239461806878
6288706511920
306203959502495
87444167270659
195068918309615
4583897617995
278660466522789
229077410961495
252512285630884
165702653225540
57301645713338
45476816770253
104420509876312
435928956867717
273738252326421
527592700256469
274920860531438
360461851428776
457549708994889
74180496831125
193576416576971
447891132305591
136097875796043
473879264008074
342198614509293
255620089584600
253368119366628
460058494829337
238677179316060
125804528329371
232119285671042
35694654573054
42641552702267
278776839076591
103699070401591
279365288063702
417643384147076
379645369232055
355309621133856
429812843801729
330069171861872
393722308841935
518143442338427
232986159926944
217329960800401
405088222683749
343569438466783
129128398485888
253088938306002
15716384141993
237474176118378
178860999465503
75048075834107
347432831372643
374490515012787
165463789709837
43210266758020
240320757904606
546043742308925
268675982457278
177771306654206
145786507718584
11076363163905
484909609574872
128816963311079
26117232648704
137050674692694
23079577770737
443411377285142
65315168934772
499140575667238
527800907809878
52685290797686
145080076415183
527652341580953
238859707235644
78797347429720
356975639606757
94196665557651
435856797725816
4848439154911
396231979271263
446175960814349
155684562354319
175037918819066
325333380510412
368728830828405
270416737462765
169564774661274
460530813706825
540961108919221
113046162484226
96073579932556
103978930453644
509735553698137
106330238456740
145231786002646
488984892594469
44508439338201
227325068421387
237889201401574
44486142440592
424902175633277
518747415560671
33943878442428
192946509962666
509687942128140
355986284736312
387842938635694
268219264421529
Day 5
Part 1:
868
Benchmark: 5ms415µs
